<?xml version="1.0" encoding="UTF-8"?>
<testsuite name="com.osrsmerch.MarginCalculationTest" tests="3" skipped="0" failures="0" errors="0" timestamp="2026-09-01T00:09:50" hostname="DESKTOP-KJ34D1H" time="0.008">
  <properties/>
  <testcase name="testStandardMarginAndTax" classname="com.osrsmerch.MarginCalculationTest" time="0.007"/>
  <testcase name="testZeroAndNegativeMargins" classname="com.osrsmerch.MarginCalculationTest" time="0.0"/>
  <testcase name="testTaxCapOnHighValueItem" classname="com.osrsmerch.MarginCalculationTest" time="0.0"/>
  <system-out><![CDATA[]]></system-out>
  <system-err><![CDATA[]]></system-err>
</testsuite>
